  main.cpp
C:\Users\Win10Pro\Documents\GitHub\Game_snake\tut_Basic_Objects\main.cpp(43,25): warning C4305: аргумент: усечение из "double" в "GLfloat"
C:\Users\Win10Pro\Documents\GitHub\Game_snake\tut_Basic_Objects\main.cpp(44,23): warning C4305: аргумент: усечение из "double" в "GLfloat"
C:\Users\Win10Pro\Documents\GitHub\Game_snake\tut_Basic_Objects\main.cpp(45,27): warning C4305: аргумент: усечение из "double" в "GLfloat"
C:\Users\Win10Pro\Documents\GitHub\Game_snake\tut_Basic_Objects\main.cpp(46,25): warning C4305: аргумент: усечение из "double" в "GLfloat"
C:\Users\Win10Pro\Documents\GitHub\Game_snake\tut_Basic_Objects\main.cpp(48,28): warning C4305: аргумент: усечение из "double" в "GLfloat"
C:\Users\Win10Pro\Documents\GitHub\Game_snake\tut_Basic_Objects\main.cpp(49,23): warning C4305: аргумент: усечение из "double" в "GLfloat"
C:\Users\Win10Pro\Documents\GitHub\Game_snake\tut_Basic_Objects\main.cpp(50,27): warning C4305: аргумент: усечение из "double" в "GLfloat"
C:\Users\Win10Pro\Documents\GitHub\Game_snake\tut_Basic_Objects\main.cpp(51,26): warning C4305: аргумент: усечение из "double" в "GLfloat"
C:\Users\Win10Pro\Documents\GitHub\Game_snake\tut_Basic_Objects\main.cpp(53,31): warning C4305: аргумент: усечение из "double" в "GLfloat"
C:\Users\Win10Pro\Documents\GitHub\Game_snake\tut_Basic_Objects\main.cpp(54,23): warning C4305: аргумент: усечение из "double" в "GLfloat"
C:\Users\Win10Pro\Documents\GitHub\Game_snake\tut_Basic_Objects\main.cpp(55,27): warning C4305: аргумент: усечение из "double" в "GLfloat"
C:\Users\Win10Pro\Documents\GitHub\Game_snake\tut_Basic_Objects\main.cpp(56,24): warning C4305: аргумент: усечение из "double" в "GLfloat"
C:\Users\Win10Pro\Documents\GitHub\Game_snake\tut_Basic_Objects\main.cpp(67,25): warning C4305: аргумент: усечение из "double" в "GLfloat"
C:\Users\Win10Pro\Documents\GitHub\Game_snake\tut_Basic_Objects\main.cpp(85,33): warning C4244: аргумент: преобразование "double" в "GLfloat", возможна потеря данных
C:\Users\Win10Pro\Documents\GitHub\Game_snake\tut_Basic_Objects\main.cpp(88,50): warning C4244: аргумент: преобразование "double" в "GLfloat", возможна потеря данных
C:\Users\Win10Pro\Documents\GitHub\Game_snake\tut_Basic_Objects\main.cpp(88,33): warning C4244: аргумент: преобразование "double" в "GLfloat", возможна потеря данных
C:\Users\Win10Pro\Documents\GitHub\Game_snake\tut_Basic_Objects\main.cpp(91,45): warning C4244: аргумент: преобразование "double" в "GLfloat", возможна потеря данных
C:\Users\Win10Pro\Documents\GitHub\Game_snake\tut_Basic_Objects\main.cpp(96,15): warning C4244: аргумент: преобразование "int" в "GLfloat", возможна потеря данных
C:\Users\Win10Pro\Documents\GitHub\Game_snake\tut_Basic_Objects\main.cpp(100,26): warning C4305: аргумент: усечение из "double" в "GLfloat"
C:\Users\Win10Pro\Documents\GitHub\Game_snake\tut_Basic_Objects\main.cpp(102,21): warning C4305: аргумент: усечение из "double" в "GLfloat"
C:\Users\Win10Pro\Documents\GitHub\Game_snake\tut_Basic_Objects\main.cpp(103,22): warning C4305: аргумент: усечение из "double" в "GLfloat"
C:\Users\Win10Pro\Documents\GitHub\Game_snake\tut_Basic_Objects\main.cpp(104,21): warning C4305: аргумент: усечение из "double" в "GLfloat"
C:\Users\Win10Pro\Documents\GitHub\Game_snake\tut_Basic_Objects\main.cpp(106,25): warning C4305: аргумент: усечение из "double" в "GLfloat"
C:\Users\Win10Pro\Documents\GitHub\Game_snake\tut_Basic_Objects\main.cpp(107,28): warning C4305: аргумент: усечение из "double" в "GLfloat"
C:\Users\Win10Pro\Documents\GitHub\Game_snake\tut_Basic_Objects\main.cpp(108,28): warning C4305: аргумент: усечение из "double" в "GLfloat"
C:\Users\Win10Pro\Documents\GitHub\Game_snake\tut_Basic_Objects\main.cpp(109,28): warning C4305: аргумент: усечение из "double" в "GLfloat"
C:\Users\Win10Pro\Documents\GitHub\Game_snake\tut_Basic_Objects\main.cpp(110,28): warning C4305: аргумент: усечение из "double" в "GLfloat"
C:\Users\Win10Pro\Documents\GitHub\Game_snake\tut_Basic_Objects\main.cpp(113,28): warning C4305: аргумент: усечение из "double" в "GLfloat"
C:\Users\Win10Pro\Documents\GitHub\Game_snake\tut_Basic_Objects\main.cpp(114,28): warning C4305: аргумент: усечение из "double" в "GLfloat"
C:\Users\Win10Pro\Documents\GitHub\Game_snake\tut_Basic_Objects\main.cpp(115,28): warning C4305: аргумент: усечение из "double" в "GLfloat"
C:\Users\Win10Pro\Documents\GitHub\Game_snake\tut_Basic_Objects\main.cpp(127,27): warning C4305: аргумент: усечение из "double" в "GLfloat"
C:\Users\Win10Pro\Documents\GitHub\Game_snake\tut_Basic_Objects\main.cpp(128,24): warning C4305: аргумент: усечение из "double" в "GLfloat"
C:\Users\Win10Pro\Documents\GitHub\Game_snake\tut_Basic_Objects\main.cpp(129,24): warning C4305: аргумент: усечение из "double" в "GLfloat"
C:\Users\Win10Pro\Documents\GitHub\Game_snake\tut_Basic_Objects\main.cpp(130,24): warning C4305: аргумент: усечение из "double" в "GLfloat"
C:\Users\Win10Pro\Documents\GitHub\Game_snake\tut_Basic_Objects\main.cpp(131,24): warning C4305: аргумент: усечение из "double" в "GLfloat"
C:\Users\Win10Pro\Documents\GitHub\Game_snake\tut_Basic_Objects\main.cpp(143,24): warning C4305: аргумент: усечение из "double" в "GLfloat"
C:\Users\Win10Pro\Documents\GitHub\Game_snake\tut_Basic_Objects\main.cpp(144,26): warning C4305: аргумент: усечение из "double" в "GLfloat"
C:\Users\Win10Pro\Documents\GitHub\Game_snake\tut_Basic_Objects\main.cpp(145,26): warning C4305: аргумент: усечение из "double" в "GLfloat"
C:\Users\Win10Pro\Documents\GitHub\Game_snake\tut_Basic_Objects\main.cpp(146,26): warning C4305: аргумент: усечение из "double" в "GLfloat"
C:\Users\Win10Pro\Documents\GitHub\Game_snake\tut_Basic_Objects\main.cpp(147,26): warning C4305: аргумент: усечение из "double" в "GLfloat"
C:\Users\Win10Pro\Documents\GitHub\Game_snake\tut_Basic_Objects\main.cpp(149,24): warning C4305: аргумент: усечение из "double" в "GLfloat"
C:\Users\Win10Pro\Documents\GitHub\Game_snake\tut_Basic_Objects\main.cpp(150,26): warning C4305: аргумент: усечение из "double" в "GLfloat"
C:\Users\Win10Pro\Documents\GitHub\Game_snake\tut_Basic_Objects\main.cpp(151,26): warning C4305: аргумент: усечение из "double" в "GLfloat"
C:\Users\Win10Pro\Documents\GitHub\Game_snake\tut_Basic_Objects\main.cpp(152,24): warning C4305: аргумент: усечение из "double" в "GLfloat"
C:\Users\Win10Pro\Documents\GitHub\Game_snake\tut_Basic_Objects\main.cpp(154,25): warning C4305: аргумент: усечение из "double" в "GLfloat"
C:\Users\Win10Pro\Documents\GitHub\Game_snake\tut_Basic_Objects\main.cpp(155,26): warning C4305: аргумент: усечение из "double" в "GLfloat"
C:\Users\Win10Pro\Documents\GitHub\Game_snake\tut_Basic_Objects\main.cpp(156,26): warning C4305: аргумент: усечение из "double" в "GLfloat"
C:\Users\Win10Pro\Documents\GitHub\Game_snake\tut_Basic_Objects\main.cpp(157,26): warning C4305: аргумент: усечение из "double" в "GLfloat"
C:\Users\Win10Pro\Documents\GitHub\Game_snake\tut_Basic_Objects\main.cpp(158,26): warning C4305: аргумент: усечение из "double" в "GLfloat"
C:\Users\Win10Pro\Documents\GitHub\Game_snake\tut_Basic_Objects\main.cpp(160,26): warning C4305: аргумент: усечение из "double" в "GLfloat"
C:\Users\Win10Pro\Documents\GitHub\Game_snake\tut_Basic_Objects\main.cpp(161,26): warning C4305: аргумент: усечение из "double" в "GLfloat"
C:\Users\Win10Pro\Documents\GitHub\Game_snake\tut_Basic_Objects\main.cpp(162,26): warning C4305: аргумент: усечение из "double" в "GLfloat"
C:\Users\Win10Pro\Documents\GitHub\Game_snake\tut_Basic_Objects\main.cpp(163,26): warning C4305: аргумент: усечение из "double" в "GLfloat"
C:\Users\Win10Pro\Documents\GitHub\Game_snake\tut_Basic_Objects\main.cpp(166,25): warning C4305: аргумент: усечение из "double" в "GLfloat"
C:\Users\Win10Pro\Documents\GitHub\Game_snake\tut_Basic_Objects\main.cpp(167,26): warning C4305: аргумент: усечение из "double" в "GLfloat"
C:\Users\Win10Pro\Documents\GitHub\Game_snake\tut_Basic_Objects\main.cpp(168,26): warning C4305: аргумент: усечение из "double" в "GLfloat"
C:\Users\Win10Pro\Documents\GitHub\Game_snake\tut_Basic_Objects\main.cpp(169,26): warning C4305: аргумент: усечение из "double" в "GLfloat"
C:\Users\Win10Pro\Documents\GitHub\Game_snake\tut_Basic_Objects\main.cpp(170,26): warning C4305: аргумент: усечение из "double" в "GLfloat"
C:\Users\Win10Pro\Documents\GitHub\Game_snake\tut_Basic_Objects\main.cpp(206,25): warning C4305: +=: усечение из "double" в "float"
C:\Users\Win10Pro\Documents\GitHub\Game_snake\tut_Basic_Objects\main.cpp(210,25): warning C4305: -=: усечение из "double" в "float"
C:\Users\Win10Pro\Documents\GitHub\Game_snake\tut_Basic_Objects\main.cpp(214,25): warning C4305: +=: усечение из "double" в "float"
C:\Users\Win10Pro\Documents\GitHub\Game_snake\tut_Basic_Objects\main.cpp(218,25): warning C4305: -=: усечение из "double" в "float"
C:\Users\Win10Pro\Documents\GitHub\Game_snake\tut_Basic_Objects\main.cpp(260,15): warning C4244: аргумент: преобразование "time_t" в "unsigned int", возможна потеря данных
  tut_Basic_Objects.vcxproj -> C:\Users\Win10Pro\Documents\GitHub\Game_snake\Debug\tut_Basic_Objects.exe
